::1 - - [08/Jul/2019:05:42:16 +0000] "GET / HTTP/1.1" 404 139
::1 - - [08/Jul/2019:05:43:54 +0000] "GET / HTTP/1.1" 404 139
::1 - - [08/Jul/2019:05:43:55 +0000] "GET / HTTP/1.1" 404 139
::1 - - [08/Jul/2019:05:45:49 +0000] "GET / HTTP/1.1" 404 139
::1 - - [08/Jul/2019:05:45:50 +0000] "GET / HTTP/1.1" 404 139
::1 - - [08/Jul/2019:05:47:21 +0000] "GET / HTTP/1.1" 500 148
::1 - - [08/Jul/2019:05:47:22 +0000] "GET / HTTP/1.1" 500 148
::1 - - [08/Jul/2019:05:47:23 +0000] "GET / HTTP/1.1" 500 148
::1 - - [08/Jul/2019:05:49:40 +0000] "GET / HTTP/1.1" 500 148
::1 - - [08/Jul/2019:05:49:58 +0000] "GET / HTTP/1.1" 500 148
::1 - - [08/Jul/2019:05:50:17 +0000] "GET / HTTP/1.1" 500 148
::1 - - [08/Jul/2019:05:50:29 +0000] "GET / HTTP/1.1" 500 148
::1 - - [08/Jul/2019:05:50:41 +0000] "GET / HTTP/1.1" 500 148
::1 - - [08/Jul/2019:05:50:42 +0000] "GET / HTTP/1.1" 500 148
::1 - - [08/Jul/2019:05:50:58 +0000] "GET / HTTP/1.1" 500 148
::1 - - [08/Jul/2019:05:50:59 +0000] "GET / HTTP/1.1" 500 148
::1 - - [08/Jul/2019:05:51:50 +0000] "GET / HTTP/1.1" 500 148
::1 - - [08/Jul/2019:05:52:39 +0000] "GET / HTTP/1.1" 500 148
::1 - - [08/Jul/2019:05:52:54 +0000] "GET / HTTP/1.1" 500 148
::1 - - [08/Jul/2019:05:52:56 +0000] "GET / HTTP/1.1" 500 148
::1 - - [08/Jul/2019:05:53:21 +0000] "GET / HTTP/1.1" 500 148
::1 - - [08/Jul/2019:05:55:08 +0000] "GET / HTTP/1.1" 500 148
::1 - - [08/Jul/2019:05:55:08 +0000] "GET / HTTP/1.1" 500 148
::1 - - [08/Jul/2019:05:55:30 +0000] "GET / HTTP/1.1" 500 148
::1 - - [08/Jul/2019:05:56:32 +0000] "GET / HTTP/1.1" 500 148
::1 - - [08/Jul/2019:05:56:35 +0000] "GET / HTTP/1.1" 500 148
::1 - - [08/Jul/2019:05:57:09 +0000] "GET / HTTP/1.1" 500 148
::1 - - [08/Jul/2019:05:57:11 +0000] "GET / HTTP/1.1" 500 148
::1 - - [08/Jul/2019:05:58:49 +0000] "GET / HTTP/1.1" 200 132
::1 - - [08/Jul/2019:05:58:49 +0000] "GET /favicon.ico HTTP/1.1" 404 150
::1 - - [08/Jul/2019:06:03:27 +0000] "GET / HTTP/1.1" 304 -
::1 - - [08/Jul/2019:06:03:35 +0000] "GET / HTTP/1.1" 304 -
::1 - - [08/Jul/2019:06:03:51 +0000] "GET / HTTP/1.1" 200 203
::1 - - [08/Jul/2019:06:03:52 +0000] "GET / HTTP/1.1" 304 -
::1 - - [08/Jul/2019:06:04:00 +0000] "GET / HTTP/1.1" 304 -
::1 - - [08/Jul/2019:06:04:10 +0000] "GET / HTTP/1.1" 304 -
::1 - - [08/Jul/2019:06:05:06 +0000] "GET / HTTP/1.1" 200 216
::1 - - [08/Jul/2019:06:05:06 +0000] "GET /public/index/favicon.ico HTTP/1.1" 404 163
::1 - - [08/Jul/2019:06:05:27 +0000] "GET / HTTP/1.1" 200 217
::1 - - [08/Jul/2019:06:05:29 +0000] "GET / HTTP/1.1" 304 -
::1 - - [08/Jul/2019:06:06:05 +0000] "GET / HTTP/1.1" 200 202
::1 - - [08/Jul/2019:06:06:13 +0000] "GET / HTTP/1.1" 200 202
::1 - - [08/Jul/2019:06:06:13 +0000] "GET /favicon.ico HTTP/1.1" 404 150
::1 - - [08/Jul/2019:06:06:34 +0000] "GET / HTTP/1.1" 304 -
::ffff:127.0.0.1 - - [08/Jul/2019:06:06:53 +0000] "GET / HTTP/1.1" 304 -
::ffff:127.0.0.1 - - [08/Jul/2019:06:06:55 +0000] "GET / HTTP/1.1" 304 -
::ffff:127.0.0.1 - - [08/Jul/2019:06:06:57 +0000] "GET / HTTP/1.1" 200 202
::ffff:127.0.0.1 - - [08/Jul/2019:06:06:57 +0000] "GET /favicon.ico HTTP/1.1" 404 150
::1 - - [08/Jul/2019:06:07:23 +0000] "GET / HTTP/1.1" 200 204
::1 - - [08/Jul/2019:06:07:24 +0000] "GET / HTTP/1.1" 200 204
::1 - - [08/Jul/2019:06:07:24 +0000] "GET /favicon.ico HTTP/1.1" 404 150
::1 - - [08/Jul/2019:06:07:32 +0000] "GET / HTTP/1.1" 200 202
::1 - - [08/Jul/2019:06:07:32 +0000] "GET /favicon.ico HTTP/1.1" 404 150
::1 - - [08/Jul/2019:06:07:39 +0000] "GET / HTTP/1.1" 304 -
::1 - - [08/Jul/2019:06:07:39 +0000] "GET /favicon.ico HTTP/1.1" 404 150
::1 - - [08/Jul/2019:06:07:50 +0000] "GET /favicon.ico HTTP/1.1" 404 150
::1 - - [08/Jul/2019:06:08:11 +0000] "GET /favicon.ico HTTP/1.1" 404 150
::1 - - [08/Jul/2019:06:08:13 +0000] "GET / HTTP/1.1" 200 216
::1 - - [08/Jul/2019:06:08:13 +0000] "GET /public/index/favicon.ico HTTP/1.1" 404 163
::1 - - [08/Jul/2019:06:08:49 +0000] "GET / HTTP/1.1" 404 139
::1 - - [08/Jul/2019:06:12:57 +0000] "GET / HTTP/1.1" 200 202
::1 - - [08/Jul/2019:06:12:57 +0000] "GET /favicon.ico HTTP/1.1" 404 150
